<?xml version="1.0" encoding="UTF-8"?>
<testsuite xmlns:xsi="http://www.w3.org/2001/XMLSchema-instance" xsi:noNamespaceSchemaLocation="https://maven.apache.org/surefire/maven-surefire-plugin/xsd/surefire-test-report.xsd" name="Runner.TestRunner" time="74.809" tests="7" errors="0" skipped="0" failures="0">
  <properties>
[...]
</properties>
  <testcase name="To validate that user is able to complete checkout after adding the product to the cart." classname="To test the checkout functionality of Sauce lab website." time="18.206"/>
  <testcase name="To validate that user is able to view the products under the Products section." classname="To test that user can view the products, add products to the cart and applies filters." time="9.4"/>
  <testcase name="To validate that user is able to add the products to the cart with success" classname="To test that user can view the products, add products to the cart and applies filters." time="9.388"/>
  <testcase name="To validate that user is able to apply Z-A product names filter on product list" classname="To test that user can view the products, add products to the cart and applies filters." time="12.012"/>
  <testcase name="To test that user is able to login with valid credentials" classname="To test the login functionality of Sauce Demo account" time="9.054"/>
  <testcase name="To test that blocked user is unable to login the account" classname="To test the login functionality of Sauce Demo account" time="6.004"/>
  <testcase name="To validate that logged in user is able to log out the account" classname="To test the logout functionality of Sauce Lab" time="8.417"/>
</testsuite>